  Main.cpp
C:\Users\fko2347054\Desktop\sakuhintenjikai\Main.cpp(462,17): warning C4244: '=': 'int' から 'float' への変換です。データが失われる可能性があります。
C:\Users\fko2347054\Desktop\sakuhintenjikai\Main.cpp(467,18): warning C4244: '=': 'int' から 'float' への変換です。データが失われる可能性があります。
C:\Users\fko2347054\Desktop\sakuhintenjikai\Main.cpp(468,18): warning C4244: '=': 'int' から 'float' への変換です。データが失われる可能性があります。
C:\Users\fko2347054\Desktop\sakuhintenjikai\Main.cpp(472,18): warning C4244: '=': 'int' から 'float' への変換です。データが失われる可能性があります。
C:\Users\fko2347054\Desktop\sakuhintenjikai\Main.cpp(491,36): warning C4244: '引数': 'float' から 'int' への変換です。データが失われる可能性があります。
C:\Users\fko2347054\Desktop\sakuhintenjikai\Main.cpp(493,93): warning C4244: '引数': 'float' から 'int' への変換です。データが失われる可能性があります。
C:\Users\fko2347054\Desktop\sakuhintenjikai\Main.cpp(493,72): warning C4244: '引数': 'float' から 'int' への変換です。データが失われる可能性があります。
C:\Users\fko2347054\Desktop\sakuhintenjikai\Main.cpp(493,42): warning C4244: '引数': 'float' から 'int' への変換です。データが失われる可能性があります。
C:\Users\fko2347054\Desktop\sakuhintenjikai\Main.cpp(493,27): warning C4244: '引数': 'float' から 'int' への変換です。データが失われる可能性があります。
C:\Users\fko2347054\Desktop\sakuhintenjikai\Main.cpp(494,97): warning C4244: '引数': 'float' から 'int' への変換です。データが失われる可能性があります。
C:\Users\fko2347054\Desktop\sakuhintenjikai\Main.cpp(494,75): warning C4244: '引数': 'float' から 'int' への変換です。データが失われる可能性があります。
C:\Users\fko2347054\Desktop\sakuhintenjikai\Main.cpp(494,44): warning C4244: '引数': 'float' から 'int' への変換です。データが失われる可能性があります。
C:\Users\fko2347054\Desktop\sakuhintenjikai\Main.cpp(494,28): warning C4244: '引数': 'float' から 'int' への変換です。データが失われる可能性があります。
C:\Users\fko2347054\Desktop\sakuhintenjikai\Main.cpp(495,97): warning C4244: '引数': 'float' から 'int' への変換です。データが失われる可能性があります。
C:\Users\fko2347054\Desktop\sakuhintenjikai\Main.cpp(495,75): warning C4244: '引数': 'float' から 'int' への変換です。データが失われる可能性があります。
C:\Users\fko2347054\Desktop\sakuhintenjikai\Main.cpp(495,44): warning C4244: '引数': 'float' から 'int' への変換です。データが失われる可能性があります。
C:\Users\fko2347054\Desktop\sakuhintenjikai\Main.cpp(495,28): warning C4244: '引数': 'float' から 'int' への変換です。データが失われる可能性があります。
C:\Users\fko2347054\Desktop\sakuhintenjikai\Main.cpp(509,14): warning C4244: '-=': 'float' から 'int' への変換です。データが失われる可能性があります。
C:\Users\fko2347054\Desktop\sakuhintenjikai\Main.cpp(510,14): warning C4244: '-=': 'float' から 'int' への変換です。データが失われる可能性があります。
C:\Users\fko2347054\Desktop\sakuhintenjikai\Main.cpp(609,14): warning C4244: '-=': 'float' から 'int' への変換です。データが失われる可能性があります。
C:\Users\fko2347054\Desktop\sakuhintenjikai\Main.cpp(634,36): warning C4244: '引数': 'float' から 'int' への変換です。データが失われる可能性があります。
C:\Users\fko2347054\Desktop\sakuhintenjikai\Main.cpp(691,14): warning C4244: '-=': 'float' から 'int' への変換です。データが失われる可能性があります。
C:\Users\fko2347054\Desktop\sakuhintenjikai\Main.cpp(716,36): warning C4244: '引数': 'float' から 'int' への変換です。データが失われる可能性があります。
C:\Users\fko2347054\Desktop\sakuhintenjikai\Main.cpp(816,18): warning C4244: '=': 'int' から 'float' への変換です。データが失われる可能性があります。
C:\Users\fko2347054\Desktop\sakuhintenjikai\Main.cpp(817,18): warning C4244: '=': 'int' から 'float' への変換です。データが失われる可能性があります。
C:\Users\fko2347054\Desktop\sakuhintenjikai\Main.cpp(821,19): warning C4244: '=': 'int' から 'float' への変換です。データが失われる可能性があります。
C:\Users\fko2347054\Desktop\sakuhintenjikai\Main.cpp(822,19): warning C4244: '=': 'int' から 'float' への変換です。データが失われる可能性があります。
C:\Users\fko2347054\Desktop\sakuhintenjikai\Main.cpp(826,19): warning C4244: '=': 'int' から 'float' への変換です。データが失われる可能性があります。
C:\Users\fko2347054\Desktop\sakuhintenjikai\Main.cpp(827,19): warning C4244: '=': 'int' から 'float' への変換です。データが失われる可能性があります。
C:\Users\fko2347054\Desktop\sakuhintenjikai\Main.cpp(831,19): warning C4244: '=': 'int' から 'float' への変換です。データが失われる可能性があります。
C:\Users\fko2347054\Desktop\sakuhintenjikai\Main.cpp(832,19): warning C4244: '=': 'int' から 'float' への変換です。データが失われる可能性があります。
C:\Users\fko2347054\Desktop\sakuhintenjikai\Main.cpp(836,19): warning C4244: '=': 'int' から 'float' への変換です。データが失われる可能性があります。
C:\Users\fko2347054\Desktop\sakuhintenjikai\Main.cpp(837,19): warning C4244: '=': 'int' から 'float' への変換です。データが失われる可能性があります。
C:\Users\fko2347054\Desktop\sakuhintenjikai\Main.cpp(841,18): warning C4244: '=': 'int' から 'float' への変換です。データが失われる可能性があります。
C:\Users\fko2347054\Desktop\sakuhintenjikai\Main.cpp(842,18): warning C4244: '=': 'int' から 'float' への変換です。データが失われる可能性があります。
C:\Users\fko2347054\Desktop\sakuhintenjikai\Main.cpp(846,19): warning C4244: '=': 'int' から 'float' への変換です。データが失われる可能性があります。
C:\Users\fko2347054\Desktop\sakuhintenjikai\Main.cpp(847,19): warning C4244: '=': 'int' から 'float' への変換です。データが失われる可能性があります。
C:\Users\fko2347054\Desktop\sakuhintenjikai\Main.cpp(851,19): warning C4244: '=': 'int' から 'float' への変換です。データが失われる可能性があります。
C:\Users\fko2347054\Desktop\sakuhintenjikai\Main.cpp(852,19): warning C4244: '=': 'int' から 'float' への変換です。データが失われる可能性があります。
C:\Users\fko2347054\Desktop\sakuhintenjikai\Main.cpp(856,19): warning C4244: '=': 'int' から 'float' への変換です。データが失われる可能性があります。
C:\Users\fko2347054\Desktop\sakuhintenjikai\Main.cpp(857,19): warning C4244: '=': 'int' から 'float' への変換です。データが失われる可能性があります。
C:\Users\fko2347054\Desktop\sakuhintenjikai\Main.cpp(861,19): warning C4244: '=': 'int' から 'float' への変換です。データが失われる可能性があります。
C:\Users\fko2347054\Desktop\sakuhintenjikai\Main.cpp(862,19): warning C4244: '=': 'int' から 'float' への変換です。データが失われる可能性があります。
C:\Users\fko2347054\Desktop\sakuhintenjikai\Main.cpp(866,18): warning C4244: '=': 'int' から 'float' への変換です。データが失われる可能性があります。
C:\Users\fko2347054\Desktop\sakuhintenjikai\Main.cpp(867,18): warning C4244: '=': 'int' から 'float' への変換です。データが失われる可能性があります。
C:\Users\fko2347054\Desktop\sakuhintenjikai\Main.cpp(871,19): warning C4244: '=': 'int' から 'float' への変換です。データが失われる可能性があります。
C:\Users\fko2347054\Desktop\sakuhintenjikai\Main.cpp(872,19): warning C4244: '=': 'int' から 'float' への変換です。データが失われる可能性があります。
C:\Users\fko2347054\Desktop\sakuhintenjikai\Main.cpp(876,19): warning C4244: '=': 'int' から 'float' への変換です。データが失われる可能性があります。
C:\Users\fko2347054\Desktop\sakuhintenjikai\Main.cpp(877,19): warning C4244: '=': 'int' から 'float' への変換です。データが失われる可能性があります。
C:\Users\fko2347054\Desktop\sakuhintenjikai\Main.cpp(881,19): warning C4244: '=': 'int' から 'float' への変換です。データが失われる可能性があります。
C:\Users\fko2347054\Desktop\sakuhintenjikai\Main.cpp(882,19): warning C4244: '=': 'int' から 'float' への変換です。データが失われる可能性があります。
C:\Users\fko2347054\Desktop\sakuhintenjikai\Main.cpp(886,19): warning C4244: '=': 'int' から 'float' への変換です。データが失われる可能性があります。
C:\Users\fko2347054\Desktop\sakuhintenjikai\Main.cpp(887,19): warning C4244: '=': 'int' から 'float' への変換です。データが失われる可能性があります。
C:\Users\fko2347054\Desktop\sakuhintenjikai\Main.cpp(891,18): warning C4244: '=': 'int' から 'float' への変換です。データが失われる可能性があります。
C:\Users\fko2347054\Desktop\sakuhintenjikai\Main.cpp(892,18): warning C4244: '=': 'int' から 'float' への変換です。データが失われる可能性があります。
C:\Users\fko2347054\Desktop\sakuhintenjikai\Main.cpp(896,19): warning C4244: '=': 'int' から 'float' への変換です。データが失われる可能性があります。
C:\Users\fko2347054\Desktop\sakuhintenjikai\Main.cpp(897,19): warning C4244: '=': 'int' から 'float' への変換です。データが失われる可能性があります。
C:\Users\fko2347054\Desktop\sakuhintenjikai\Main.cpp(901,19): warning C4244: '=': 'int' から 'float' への変換です。データが失われる可能性があります。
C:\Users\fko2347054\Desktop\sakuhintenjikai\Main.cpp(902,19): warning C4244: '=': 'int' から 'float' への変換です。データが失われる可能性があります。
C:\Users\fko2347054\Desktop\sakuhintenjikai\Main.cpp(906,19): warning C4244: '=': 'int' から 'float' への変換です。データが失われる可能性があります。
C:\Users\fko2347054\Desktop\sakuhintenjikai\Main.cpp(907,19): warning C4244: '=': 'int' から 'float' への変換です。データが失われる可能性があります。
C:\Users\fko2347054\Desktop\sakuhintenjikai\Main.cpp(911,19): warning C4244: '=': 'int' から 'float' への変換です。データが失われる可能性があります。
C:\Users\fko2347054\Desktop\sakuhintenjikai\Main.cpp(912,19): warning C4244: '=': 'int' から 'float' への変換です。データが失われる可能性があります。
C:\Users\fko2347054\Desktop\sakuhintenjikai\Main.cpp(916,18): warning C4244: '=': 'int' から 'float' への変換です。データが失われる可能性があります。
C:\Users\fko2347054\Desktop\sakuhintenjikai\Main.cpp(917,18): warning C4244: '=': 'int' から 'float' への変換です。データが失われる可能性があります。
C:\Users\fko2347054\Desktop\sakuhintenjikai\Main.cpp(926,19): warning C4244: '=': 'int' から 'float' への変換です。データが失われる可能性があります。
C:\Users\fko2347054\Desktop\sakuhintenjikai\Main.cpp(927,19): warning C4244: '=': 'int' から 'float' への変換です。データが失われる可能性があります。
C:\Users\fko2347054\Desktop\sakuhintenjikai\Main.cpp(931,19): warning C4244: '=': 'int' から 'float' への変換です。データが失われる可能性があります。
C:\Users\fko2347054\Desktop\sakuhintenjikai\Main.cpp(932,19): warning C4244: '=': 'int' から 'float' への変換です。データが失われる可能性があります。
C:\Users\fko2347054\Desktop\sakuhintenjikai\Main.cpp(936,19): warning C4244: '=': 'int' から 'float' への変換です。データが失われる可能性があります。
C:\Users\fko2347054\Desktop\sakuhintenjikai\Main.cpp(937,19): warning C4244: '=': 'int' から 'float' への変換です。データが失われる可能性があります。
C:\Users\fko2347054\Desktop\sakuhintenjikai\Main.cpp(941,19): warning C4244: '=': 'int' から 'float' への変換です。データが失われる可能性があります。
C:\Users\fko2347054\Desktop\sakuhintenjikai\Main.cpp(942,19): warning C4244: '=': 'int' から 'float' への変換です。データが失われる可能性があります。
C:\Users\fko2347054\Desktop\sakuhintenjikai\Main.cpp(946,19): warning C4244: '=': 'int' から 'float' への変換です。データが失われる可能性があります。
C:\Users\fko2347054\Desktop\sakuhintenjikai\Main.cpp(947,19): warning C4244: '=': 'int' から 'float' への変換です。データが失われる可能性があります。
C:\Users\fko2347054\Desktop\sakuhintenjikai\Main.cpp(951,19): warning C4244: '=': 'int' から 'float' への変換です。データが失われる可能性があります。
C:\Users\fko2347054\Desktop\sakuhintenjikai\Main.cpp(952,19): warning C4244: '=': 'int' から 'float' への変換です。データが失われる可能性があります。
C:\Users\fko2347054\Desktop\sakuhintenjikai\Main.cpp(956,19): warning C4244: '=': 'int' から 'float' への変換です。データが失われる可能性があります。
C:\Users\fko2347054\Desktop\sakuhintenjikai\Main.cpp(957,19): warning C4244: '=': 'int' から 'float' への変換です。データが失われる可能性があります。
C:\Users\fko2347054\Desktop\sakuhintenjikai\Main.cpp(961,19): warning C4244: '=': 'int' から 'float' への変換です。データが失われる可能性があります。
C:\Users\fko2347054\Desktop\sakuhintenjikai\Main.cpp(962,19): warning C4244: '=': 'int' から 'float' への変換です。データが失われる可能性があります。
C:\Users\fko2347054\Desktop\sakuhintenjikai\Main.cpp(966,19): warning C4244: '=': 'int' から 'float' への変換です。データが失われる可能性があります。
C:\Users\fko2347054\Desktop\sakuhintenjikai\Main.cpp(967,19): warning C4244: '=': 'int' から 'float' への変換です。データが失われる可能性があります。
C:\Users\fko2347054\Desktop\sakuhintenjikai\Main.cpp(971,18): warning C4244: '=': 'int' から 'float' への変換です。データが失われる可能性があります。
C:\Users\fko2347054\Desktop\sakuhintenjikai\Main.cpp(972,18): warning C4244: '=': 'int' から 'float' への変換です。データが失われる可能性があります。
C:\Users\fko2347054\Desktop\sakuhintenjikai\Main.cpp(976,19): warning C4244: '=': 'int' から 'float' への変換です。データが失われる可能性があります。
C:\Users\fko2347054\Desktop\sakuhintenjikai\Main.cpp(977,19): warning C4244: '=': 'int' から 'float' への変換です。データが失われる可能性があります。
C:\Users\fko2347054\Desktop\sakuhintenjikai\Main.cpp(981,19): warning C4244: '=': 'int' から 'float' への変換です。データが失われる可能性があります。
C:\Users\fko2347054\Desktop\sakuhintenjikai\Main.cpp(982,19): warning C4244: '=': 'int' から 'float' への変換です。データが失われる可能性があります。
C:\Users\fko2347054\Desktop\sakuhintenjikai\Main.cpp(986,19): warning C4244: '=': 'int' から 'float' への変換です。データが失われる可能性があります。
C:\Users\fko2347054\Desktop\sakuhintenjikai\Main.cpp(987,19): warning C4244: '=': 'int' から 'float' への変換です。データが失われる可能性があります。
C:\Users\fko2347054\Desktop\sakuhintenjikai\Main.cpp(991,19): warning C4244: '=': 'int' から 'float' への変換です。データが失われる可能性があります。
C:\Users\fko2347054\Desktop\sakuhintenjikai\Main.cpp(992,19): warning C4244: '=': 'int' から 'float' への変換です。データが失われる可能性があります。
C:\Users\fko2347054\Desktop\sakuhintenjikai\Main.cpp(996,19): warning C4244: '=': 'int' から 'float' への変換です。データが失われる可能性があります。
C:\Users\fko2347054\Desktop\sakuhintenjikai\Main.cpp(997,19): warning C4244: '=': 'int' から 'float' への変換です。データが失われる可能性があります。
C:\Users\fko2347054\Desktop\sakuhintenjikai\Main.cpp(1001,19): warning C4244: '=': 'int' から 'float' への変換です。データが失われる可能性があります。
C:\Users\fko2347054\Desktop\sakuhintenjikai\Main.cpp(1002,19): warning C4244: '=': 'int' から 'float' への変換です。データが失われる可能性があります。
C:\Users\fko2347054\Desktop\sakuhintenjikai\Main.cpp(1006,19): warning C4244: '=': 'int' から 'float' への変換です。データが失われる可能性があります。
C:\Users\fko2347054\Desktop\sakuhintenjikai\Main.cpp(1007,19): warning C4244: '=': 'int' から 'float' への変換です。データが失われる可能性があります。
C:\Users\fko2347054\Desktop\sakuhintenjikai\Main.cpp(1011,19): warning C4244: '=': 'int' から 'float' への変換です。データが失われる可能性があります。
C:\Users\fko2347054\Desktop\sakuhintenjikai\Main.cpp(1012,19): warning C4244: '=': 'int' から 'float' への変換です。データが失われる可能性があります。
C:\Users\fko2347054\Desktop\sakuhintenjikai\Main.cpp(1016,19): warning C4244: '=': 'int' から 'float' への変換です。データが失われる可能性があります。
C:\Users\fko2347054\Desktop\sakuhintenjikai\Main.cpp(1017,19): warning C4244: '=': 'int' から 'float' への変換です。データが失われる可能性があります。
C:\Users\fko2347054\Desktop\sakuhintenjikai\Main.cpp(1031,19): warning C4244: '=': 'int' から 'float' への変換です。データが失われる可能性があります。
C:\Users\fko2347054\Desktop\sakuhintenjikai\Main.cpp(1032,19): warning C4244: '=': 'int' から 'float' への変換です。データが失われる可能性があります。
C:\Users\fko2347054\Desktop\sakuhintenjikai\Main.cpp(1036,19): warning C4244: '=': 'int' から 'float' への変換です。データが失われる可能性があります。
C:\Users\fko2347054\Desktop\sakuhintenjikai\Main.cpp(1037,19): warning C4244: '=': 'int' から 'float' への変換です。データが失われる可能性があります。
C:\Users\fko2347054\Desktop\sakuhintenjikai\Main.cpp(1041,19): warning C4244: '=': 'int' から 'float' への変換です。データが失われる可能性があります。
C:\Users\fko2347054\Desktop\sakuhintenjikai\Main.cpp(1042,19): warning C4244: '=': 'int' から 'float' への変換です。データが失われる可能性があります。
C:\Users\fko2347054\Desktop\sakuhintenjikai\Main.cpp(1046,19): warning C4244: '=': 'int' から 'float' への変換です。データが失われる可能性があります。
C:\Users\fko2347054\Desktop\sakuhintenjikai\Main.cpp(1047,19): warning C4244: '=': 'int' から 'float' への変換です。データが失われる可能性があります。
C:\Users\fko2347054\Desktop\sakuhintenjikai\Main.cpp(1051,19): warning C4244: '=': 'int' から 'float' への変換です。データが失われる可能性があります。
C:\Users\fko2347054\Desktop\sakuhintenjikai\Main.cpp(1052,19): warning C4244: '=': 'int' から 'float' への変換です。データが失われる可能性があります。
C:\Users\fko2347054\Desktop\sakuhintenjikai\Main.cpp(1056,19): warning C4244: '=': 'int' から 'float' への変換です。データが失われる可能性があります。
C:\Users\fko2347054\Desktop\sakuhintenjikai\Main.cpp(1057,19): warning C4244: '=': 'int' から 'float' への変換です。データが失われる可能性があります。
C:\Users\fko2347054\Desktop\sakuhintenjikai\Main.cpp(1061,19): warning C4244: '=': 'int' から 'float' への変換です。データが失われる可能性があります。
C:\Users\fko2347054\Desktop\sakuhintenjikai\Main.cpp(1062,19): warning C4244: '=': 'int' から 'float' への変換です。データが失われる可能性があります。
C:\Users\fko2347054\Desktop\sakuhintenjikai\Main.cpp(1066,19): warning C4244: '=': 'int' から 'float' への変換です。データが失われる可能性があります。
C:\Users\fko2347054\Desktop\sakuhintenjikai\Main.cpp(1067,19): warning C4244: '=': 'int' から 'float' への変換です。データが失われる可能性があります。
C:\Users\fko2347054\Desktop\sakuhintenjikai\Main.cpp(1071,19): warning C4244: '=': 'int' から 'float' への変換です。データが失われる可能性があります。
C:\Users\fko2347054\Desktop\sakuhintenjikai\Main.cpp(1072,19): warning C4244: '=': 'int' から 'float' への変換です。データが失われる可能性があります。
C:\Users\fko2347054\Desktop\sakuhintenjikai\Main.cpp(1076,18): warning C4244: '=': 'int' から 'float' への変換です。データが失われる可能性があります。
C:\Users\fko2347054\Desktop\sakuhintenjikai\Main.cpp(1077,18): warning C4244: '=': 'int' から 'float' への変換です。データが失われる可能性があります。
C:\Users\fko2347054\Desktop\sakuhintenjikai\Main.cpp(1081,19): warning C4244: '=': 'int' から 'float' への変換です。データが失われる可能性があります。
C:\Users\fko2347054\Desktop\sakuhintenjikai\Main.cpp(1082,19): warning C4244: '=': 'int' から 'float' への変換です。データが失われる可能性があります。
C:\Users\fko2347054\Desktop\sakuhintenjikai\Main.cpp(1086,19): warning C4244: '=': 'int' から 'float' への変換です。データが失われる可能性があります。
C:\Users\fko2347054\Desktop\sakuhintenjikai\Main.cpp(1087,19): warning C4244: '=': 'int' から 'float' への変換です。データが失われる可能性があります。
C:\Users\fko2347054\Desktop\sakuhintenjikai\Main.cpp(1091,19): warning C4244: '=': 'int' から 'float' への変換です。データが失われる可能性があります。
C:\Users\fko2347054\Desktop\sakuhintenjikai\Main.cpp(1092,19): warning C4244: '=': 'int' から 'float' への変換です。データが失われる可能性があります。
C:\Users\fko2347054\Desktop\sakuhintenjikai\Main.cpp(1096,19): warning C4244: '=': 'int' から 'float' への変換です。データが失われる可能性があります。
C:\Users\fko2347054\Desktop\sakuhintenjikai\Main.cpp(1097,19): warning C4244: '=': 'int' から 'float' への変換です。データが失われる可能性があります。
C:\Users\fko2347054\Desktop\sakuhintenjikai\Main.cpp(1101,19): warning C4244: '=': 'int' から 'float' への変換です。データが失われる可能性があります。
C:\Users\fko2347054\Desktop\sakuhintenjikai\Main.cpp(1102,19): warning C4244: '=': 'int' から 'float' への変換です。データが失われる可能性があります。
C:\Users\fko2347054\Desktop\sakuhintenjikai\Main.cpp(1106,19): warning C4244: '=': 'int' から 'float' への変換です。データが失われる可能性があります。
C:\Users\fko2347054\Desktop\sakuhintenjikai\Main.cpp(1107,19): warning C4244: '=': 'int' から 'float' への変換です。データが失われる可能性があります。
C:\Users\fko2347054\Desktop\sakuhintenjikai\Main.cpp(1111,19): warning C4244: '=': 'int' から 'float' への変換です。データが失われる可能性があります。
C:\Users\fko2347054\Desktop\sakuhintenjikai\Main.cpp(1112,19): warning C4244: '=': 'int' から 'float' への変換です。データが失われる可能性があります。
C:\Users\fko2347054\Desktop\sakuhintenjikai\Main.cpp(1116,19): warning C4244: '=': 'int' から 'float' への変換です。データが失われる可能性があります。
C:\Users\fko2347054\Desktop\sakuhintenjikai\Main.cpp(1117,19): warning C4244: '=': 'int' から 'float' への変換です。データが失われる可能性があります。
C:\Users\fko2347054\Desktop\sakuhintenjikai\Main.cpp(1121,19): warning C4244: '=': 'int' から 'float' への変換です。データが失われる可能性があります。
C:\Users\fko2347054\Desktop\sakuhintenjikai\Main.cpp(1122,19): warning C4244: '=': 'int' から 'float' への変換です。データが失われる可能性があります。
C:\Users\fko2347054\Desktop\sakuhintenjikai\Main.cpp(1126,19): warning C4244: '=': 'int' から 'float' への変換です。データが失われる可能性があります。
C:\Users\fko2347054\Desktop\sakuhintenjikai\Main.cpp(1127,19): warning C4244: '=': 'int' から 'float' への変換です。データが失われる可能性があります。
C:\Users\fko2347054\Desktop\sakuhintenjikai\Main.cpp(1131,19): warning C4244: '=': 'int' から 'float' への変換です。データが失われる可能性があります。
C:\Users\fko2347054\Desktop\sakuhintenjikai\Main.cpp(1132,19): warning C4244: '=': 'int' から 'float' への変換です。データが失われる可能性があります。
C:\Users\fko2347054\Desktop\sakuhintenjikai\Main.cpp(1137,14): warning C4244: '-=': 'float' から 'int' への変換です。データが失われる可能性があります。
C:\Users\fko2347054\Desktop\sakuhintenjikai\Main.cpp(1138,14): warning C4244: '-=': 'float' から 'int' への変換です。データが失われる可能性があります。
C:\Users\fko2347054\Desktop\sakuhintenjikai\Main.cpp(1168,18): warning C4244: '=': 'int' から 'float' への変換です。データが失われる可能性があります。
C:\Users\fko2347054\Desktop\sakuhintenjikai\Main.cpp(1179,19): warning C4244: '=': 'int' から 'float' への変換です。データが失われる可能性があります。
C:\Users\fko2347054\Desktop\sakuhintenjikai\Main.cpp(1208,35): warning C4244: '引数': 'float' から 'int' への変換です。データが失われる可能性があります。
C:\Users\fko2347054\Desktop\sakuhintenjikai\Main.cpp(1208,22): warning C4244: '引数': 'float' から 'int' への変換です。データが失われる可能性があります。
C:\Users\fko2347054\Desktop\sakuhintenjikai\Main.cpp(1209,35): warning C4244: '引数': 'float' から 'int' への変換です。データが失われる可能性があります。
C:\Users\fko2347054\Desktop\sakuhintenjikai\Main.cpp(1209,22): warning C4244: '引数': 'float' から 'int' への変換です。データが失われる可能性があります。
C:\Users\fko2347054\Desktop\sakuhintenjikai\Main.cpp(1220,36): warning C4244: '引数': 'float' から 'int' への変換です。データが失われる可能性があります。
C:\Users\fko2347054\Desktop\sakuhintenjikai\Main.cpp(1224,94): warning C4244: '引数': 'float' から 'int' への変換です。データが失われる可能性があります。
C:\Users\fko2347054\Desktop\sakuhintenjikai\Main.cpp(1224,73): warning C4244: '引数': 'float' から 'int' への変換です。データが失われる可能性があります。
C:\Users\fko2347054\Desktop\sakuhintenjikai\Main.cpp(1224,43): warning C4244: '引数': 'float' から 'int' への変換です。データが失われる可能性があります。
C:\Users\fko2347054\Desktop\sakuhintenjikai\Main.cpp(1224,28): warning C4244: '引数': 'float' から 'int' への変換です。データが失われる可能性があります。
C:\Users\fko2347054\Desktop\sakuhintenjikai\Main.cpp(1225,98): warning C4244: '引数': 'float' から 'int' への変換です。データが失われる可能性があります。
C:\Users\fko2347054\Desktop\sakuhintenjikai\Main.cpp(1225,76): warning C4244: '引数': 'float' から 'int' への変換です。データが失われる可能性があります。
C:\Users\fko2347054\Desktop\sakuhintenjikai\Main.cpp(1225,45): warning C4244: '引数': 'float' から 'int' への変換です。データが失われる可能性があります。
C:\Users\fko2347054\Desktop\sakuhintenjikai\Main.cpp(1225,29): warning C4244: '引数': 'float' から 'int' への変換です。データが失われる可能性があります。
C:\Users\fko2347054\Desktop\sakuhintenjikai\Main.cpp(1226,98): warning C4244: '引数': 'float' から 'int' への変換です。データが失われる可能性があります。
C:\Users\fko2347054\Desktop\sakuhintenjikai\Main.cpp(1226,76): warning C4244: '引数': 'float' から 'int' への変換です。データが失われる可能性があります。
C:\Users\fko2347054\Desktop\sakuhintenjikai\Main.cpp(1226,45): warning C4244: '引数': 'float' から 'int' への変換です。データが失われる可能性があります。
C:\Users\fko2347054\Desktop\sakuhintenjikai\Main.cpp(1226,29): warning C4244: '引数': 'float' から 'int' への変換です。データが失われる可能性があります。
C:\Users\fko2347054\Desktop\sakuhintenjikai\Main.cpp(1227,98): warning C4244: '引数': 'float' から 'int' への変換です。データが失われる可能性があります。
C:\Users\fko2347054\Desktop\sakuhintenjikai\Main.cpp(1227,76): warning C4244: '引数': 'float' から 'int' への変換です。データが失われる可能性があります。
C:\Users\fko2347054\Desktop\sakuhintenjikai\Main.cpp(1227,45): warning C4244: '引数': 'float' から 'int' への変換です。データが失われる可能性があります。
C:\Users\fko2347054\Desktop\sakuhintenjikai\Main.cpp(1227,29): warning C4244: '引数': 'float' から 'int' への変換です。データが失われる可能性があります。
C:\Users\fko2347054\Desktop\sakuhintenjikai\Main.cpp(1228,98): warning C4244: '引数': 'float' から 'int' への変換です。データが失われる可能性があります。
C:\Users\fko2347054\Desktop\sakuhintenjikai\Main.cpp(1228,76): warning C4244: '引数': 'float' から 'int' への変換です。データが失われる可能性があります。
C:\Users\fko2347054\Desktop\sakuhintenjikai\Main.cpp(1228,45): warning C4244: '引数': 'float' から 'int' への変換です。データが失われる可能性があります。
C:\Users\fko2347054\Desktop\sakuhintenjikai\Main.cpp(1228,29): warning C4244: '引数': 'float' から 'int' への変換です。データが失われる可能性があります。
C:\Users\fko2347054\Desktop\sakuhintenjikai\Main.cpp(1229,98): warning C4244: '引数': 'float' から 'int' への変換です。データが失われる可能性があります。
C:\Users\fko2347054\Desktop\sakuhintenjikai\Main.cpp(1229,76): warning C4244: '引数': 'float' から 'int' への変換です。データが失われる可能性があります。
C:\Users\fko2347054\Desktop\sakuhintenjikai\Main.cpp(1229,45): warning C4244: '引数': 'float' から 'int' への変換です。データが失われる可能性があります。
C:\Users\fko2347054\Desktop\sakuhintenjikai\Main.cpp(1229,29): warning C4244: '引数': 'float' から 'int' への変換です。データが失われる可能性があります。
C:\Users\fko2347054\Desktop\sakuhintenjikai\Main.cpp(1230,98): warning C4244: '引数': 'float' から 'int' への変換です。データが失われる可能性があります。
C:\Users\fko2347054\Desktop\sakuhintenjikai\Main.cpp(1230,76): warning C4244: '引数': 'float' から 'int' への変換です。データが失われる可能性があります。
C:\Users\fko2347054\Desktop\sakuhintenjikai\Main.cpp(1230,45): warning C4244: '引数': 'float' から 'int' への変換です。データが失われる可能性があります。
C:\Users\fko2347054\Desktop\sakuhintenjikai\Main.cpp(1230,29): warning C4244: '引数': 'float' から 'int' への変換です。データが失われる可能性があります。
C:\Users\fko2347054\Desktop\sakuhintenjikai\Main.cpp(1231,98): warning C4244: '引数': 'float' から 'int' への変換です。データが失われる可能性があります。
C:\Users\fko2347054\Desktop\sakuhintenjikai\Main.cpp(1231,76): warning C4244: '引数': 'float' から 'int' への変換です。データが失われる可能性があります。
C:\Users\fko2347054\Desktop\sakuhintenjikai\Main.cpp(1231,45): warning C4244: '引数': 'float' から 'int' への変換です。データが失われる可能性があります。
C:\Users\fko2347054\Desktop\sakuhintenjikai\Main.cpp(1231,29): warning C4244: '引数': 'float' から 'int' への変換です。データが失われる可能性があります。
C:\Users\fko2347054\Desktop\sakuhintenjikai\Main.cpp(1232,98): warning C4244: '引数': 'float' から 'int' への変換です。データが失われる可能性があります。
C:\Users\fko2347054\Desktop\sakuhintenjikai\Main.cpp(1232,76): warning C4244: '引数': 'float' から 'int' への変換です。データが失われる可能性があります。
C:\Users\fko2347054\Desktop\sakuhintenjikai\Main.cpp(1232,45): warning C4244: '引数': 'float' から 'int' への変換です。データが失われる可能性があります。
C:\Users\fko2347054\Desktop\sakuhintenjikai\Main.cpp(1232,29): warning C4244: '引数': 'float' から 'int' への変換です。データが失われる可能性があります。
C:\Users\fko2347054\Desktop\sakuhintenjikai\Main.cpp(1233,98): warning C4244: '引数': 'float' から 'int' への変換です。データが失われる可能性があります。
C:\Users\fko2347054\Desktop\sakuhintenjikai\Main.cpp(1233,76): warning C4244: '引数': 'float' から 'int' への変換です。データが失われる可能性があります。
C:\Users\fko2347054\Desktop\sakuhintenjikai\Main.cpp(1233,45): warning C4244: '引数': 'float' から 'int' への変換です。データが失われる可能性があります。
C:\Users\fko2347054\Desktop\sakuhintenjikai\Main.cpp(1233,29): warning C4244: '引数': 'float' から 'int' への変換です。データが失われる可能性があります。
C:\Users\fko2347054\Desktop\sakuhintenjikai\Main.cpp(1405): warning C4715: 'GameOverScene': 値を返さないコントロール パスがあります。
  rangame.vcxproj -> C:\Users\fko2347054\Desktop\sakuhintenjikai\x64\Debug\rangame.exe
