  Main.cpp
C:\Users\fko2347054\Desktop\sakuhintenjikai\2347054_Nakahara\Main.cpp(6,1): warning C4005: 'XINPUT_BUTTON_X': マクロが再定義されました。
C:\DxLib_VC\プロジェクトに追加すべきファイル_VC用\DxLib.h(923,1): message : 'XINPUT_BUTTON_X' の以前の定義を確認してください
C:\Users\fko2347054\Desktop\sakuhintenjikai\2347054_Nakahara\Main.cpp(472,36): warning C4244: '引数': 'float' から 'int' への変換です。データが失われる可能性があります。
C:\Users\fko2347054\Desktop\sakuhintenjikai\2347054_Nakahara\Main.cpp(474,93): warning C4244: '引数': 'float' から 'int' への変換です。データが失われる可能性があります。
C:\Users\fko2347054\Desktop\sakuhintenjikai\2347054_Nakahara\Main.cpp(474,72): warning C4244: '引数': 'float' から 'int' への変換です。データが失われる可能性があります。
C:\Users\fko2347054\Desktop\sakuhintenjikai\2347054_Nakahara\Main.cpp(474,42): warning C4244: '引数': 'float' から 'int' への変換です。データが失われる可能性があります。
C:\Users\fko2347054\Desktop\sakuhintenjikai\2347054_Nakahara\Main.cpp(474,27): warning C4244: '引数': 'float' から 'int' への変換です。データが失われる可能性があります。
C:\Users\fko2347054\Desktop\sakuhintenjikai\2347054_Nakahara\Main.cpp(475,97): warning C4244: '引数': 'float' から 'int' への変換です。データが失われる可能性があります。
C:\Users\fko2347054\Desktop\sakuhintenjikai\2347054_Nakahara\Main.cpp(475,75): warning C4244: '引数': 'float' から 'int' への変換です。データが失われる可能性があります。
C:\Users\fko2347054\Desktop\sakuhintenjikai\2347054_Nakahara\Main.cpp(475,44): warning C4244: '引数': 'float' から 'int' への変換です。データが失われる可能性があります。
C:\Users\fko2347054\Desktop\sakuhintenjikai\2347054_Nakahara\Main.cpp(475,28): warning C4244: '引数': 'float' から 'int' への変換です。データが失われる可能性があります。
C:\Users\fko2347054\Desktop\sakuhintenjikai\2347054_Nakahara\Main.cpp(476,97): warning C4244: '引数': 'float' から 'int' への変換です。データが失われる可能性があります。
C:\Users\fko2347054\Desktop\sakuhintenjikai\2347054_Nakahara\Main.cpp(476,75): warning C4244: '引数': 'float' から 'int' への変換です。データが失われる可能性があります。
C:\Users\fko2347054\Desktop\sakuhintenjikai\2347054_Nakahara\Main.cpp(476,44): warning C4244: '引数': 'float' から 'int' への変換です。データが失われる可能性があります。
C:\Users\fko2347054\Desktop\sakuhintenjikai\2347054_Nakahara\Main.cpp(476,28): warning C4244: '引数': 'float' から 'int' への変換です。データが失われる可能性があります。
C:\Users\fko2347054\Desktop\sakuhintenjikai\2347054_Nakahara\Main.cpp(490,14): warning C4244: '-=': 'float' から 'int' への変換です。データが失われる可能性があります。
C:\Users\fko2347054\Desktop\sakuhintenjikai\2347054_Nakahara\Main.cpp(491,14): warning C4244: '-=': 'float' から 'int' への変換です。データが失われる可能性があります。
C:\Users\fko2347054\Desktop\sakuhintenjikai\2347054_Nakahara\Main.cpp(592,14): warning C4244: '-=': 'float' から 'int' への変換です。データが失われる可能性があります。
C:\Users\fko2347054\Desktop\sakuhintenjikai\2347054_Nakahara\Main.cpp(616,36): warning C4244: '引数': 'float' から 'int' への変換です。データが失われる可能性があります。
C:\Users\fko2347054\Desktop\sakuhintenjikai\2347054_Nakahara\Main.cpp(670,14): warning C4244: '-=': 'float' から 'int' への変換です。データが失われる可能性があります。
C:\Users\fko2347054\Desktop\sakuhintenjikai\2347054_Nakahara\Main.cpp(694,36): warning C4244: '引数': 'float' から 'int' への変換です。データが失われる可能性があります。
C:\Users\fko2347054\Desktop\sakuhintenjikai\2347054_Nakahara\Main.cpp(1106,14): warning C4244: '-=': 'float' から 'int' への変換です。データが失われる可能性があります。
C:\Users\fko2347054\Desktop\sakuhintenjikai\2347054_Nakahara\Main.cpp(1107,14): warning C4244: '-=': 'float' から 'int' への変換です。データが失われる可能性があります。
C:\Users\fko2347054\Desktop\sakuhintenjikai\2347054_Nakahara\Main.cpp(1187,37): warning C4244: '引数': 'float' から 'int' への変換です。データが失われる可能性があります。
C:\Users\fko2347054\Desktop\sakuhintenjikai\2347054_Nakahara\Main.cpp(1191,94): warning C4244: '引数': 'float' から 'int' への変換です。データが失われる可能性があります。
C:\Users\fko2347054\Desktop\sakuhintenjikai\2347054_Nakahara\Main.cpp(1191,73): warning C4244: '引数': 'float' から 'int' への変換です。データが失われる可能性があります。
C:\Users\fko2347054\Desktop\sakuhintenjikai\2347054_Nakahara\Main.cpp(1191,43): warning C4244: '引数': 'float' から 'int' への変換です。データが失われる可能性があります。
C:\Users\fko2347054\Desktop\sakuhintenjikai\2347054_Nakahara\Main.cpp(1191,28): warning C4244: '引数': 'float' から 'int' への変換です。データが失われる可能性があります。
C:\Users\fko2347054\Desktop\sakuhintenjikai\2347054_Nakahara\Main.cpp(1192,98): warning C4244: '引数': 'float' から 'int' への変換です。データが失われる可能性があります。
C:\Users\fko2347054\Desktop\sakuhintenjikai\2347054_Nakahara\Main.cpp(1192,76): warning C4244: '引数': 'float' から 'int' への変換です。データが失われる可能性があります。
C:\Users\fko2347054\Desktop\sakuhintenjikai\2347054_Nakahara\Main.cpp(1192,45): warning C4244: '引数': 'float' から 'int' への変換です。データが失われる可能性があります。
C:\Users\fko2347054\Desktop\sakuhintenjikai\2347054_Nakahara\Main.cpp(1192,29): warning C4244: '引数': 'float' から 'int' への変換です。データが失われる可能性があります。
C:\Users\fko2347054\Desktop\sakuhintenjikai\2347054_Nakahara\Main.cpp(1193,98): warning C4244: '引数': 'float' から 'int' への変換です。データが失われる可能性があります。
C:\Users\fko2347054\Desktop\sakuhintenjikai\2347054_Nakahara\Main.cpp(1193,76): warning C4244: '引数': 'float' から 'int' への変換です。データが失われる可能性があります。
C:\Users\fko2347054\Desktop\sakuhintenjikai\2347054_Nakahara\Main.cpp(1193,45): warning C4244: '引数': 'float' から 'int' への変換です。データが失われる可能性があります。
C:\Users\fko2347054\Desktop\sakuhintenjikai\2347054_Nakahara\Main.cpp(1193,29): warning C4244: '引数': 'float' から 'int' への変換です。データが失われる可能性があります。
C:\Users\fko2347054\Desktop\sakuhintenjikai\2347054_Nakahara\Main.cpp(1194,98): warning C4244: '引数': 'float' から 'int' への変換です。データが失われる可能性があります。
C:\Users\fko2347054\Desktop\sakuhintenjikai\2347054_Nakahara\Main.cpp(1194,76): warning C4244: '引数': 'float' から 'int' への変換です。データが失われる可能性があります。
C:\Users\fko2347054\Desktop\sakuhintenjikai\2347054_Nakahara\Main.cpp(1194,45): warning C4244: '引数': 'float' から 'int' への変換です。データが失われる可能性があります。
C:\Users\fko2347054\Desktop\sakuhintenjikai\2347054_Nakahara\Main.cpp(1194,29): warning C4244: '引数': 'float' から 'int' への変換です。データが失われる可能性があります。
C:\Users\fko2347054\Desktop\sakuhintenjikai\2347054_Nakahara\Main.cpp(1195,98): warning C4244: '引数': 'float' から 'int' への変換です。データが失われる可能性があります。
C:\Users\fko2347054\Desktop\sakuhintenjikai\2347054_Nakahara\Main.cpp(1195,76): warning C4244: '引数': 'float' から 'int' への変換です。データが失われる可能性があります。
C:\Users\fko2347054\Desktop\sakuhintenjikai\2347054_Nakahara\Main.cpp(1195,45): warning C4244: '引数': 'float' から 'int' への変換です。データが失われる可能性があります。
C:\Users\fko2347054\Desktop\sakuhintenjikai\2347054_Nakahara\Main.cpp(1195,29): warning C4244: '引数': 'float' から 'int' への変換です。データが失われる可能性があります。
C:\Users\fko2347054\Desktop\sakuhintenjikai\2347054_Nakahara\Main.cpp(1196,98): warning C4244: '引数': 'float' から 'int' への変換です。データが失われる可能性があります。
C:\Users\fko2347054\Desktop\sakuhintenjikai\2347054_Nakahara\Main.cpp(1196,76): warning C4244: '引数': 'float' から 'int' への変換です。データが失われる可能性があります。
C:\Users\fko2347054\Desktop\sakuhintenjikai\2347054_Nakahara\Main.cpp(1196,45): warning C4244: '引数': 'float' から 'int' への変換です。データが失われる可能性があります。
C:\Users\fko2347054\Desktop\sakuhintenjikai\2347054_Nakahara\Main.cpp(1196,29): warning C4244: '引数': 'float' から 'int' への変換です。データが失われる可能性があります。
C:\Users\fko2347054\Desktop\sakuhintenjikai\2347054_Nakahara\Main.cpp(1197,98): warning C4244: '引数': 'float' から 'int' への変換です。データが失われる可能性があります。
C:\Users\fko2347054\Desktop\sakuhintenjikai\2347054_Nakahara\Main.cpp(1197,76): warning C4244: '引数': 'float' から 'int' への変換です。データが失われる可能性があります。
C:\Users\fko2347054\Desktop\sakuhintenjikai\2347054_Nakahara\Main.cpp(1197,45): warning C4244: '引数': 'float' から 'int' への変換です。データが失われる可能性があります。
C:\Users\fko2347054\Desktop\sakuhintenjikai\2347054_Nakahara\Main.cpp(1197,29): warning C4244: '引数': 'float' から 'int' への変換です。データが失われる可能性があります。
C:\Users\fko2347054\Desktop\sakuhintenjikai\2347054_Nakahara\Main.cpp(1198,98): warning C4244: '引数': 'float' から 'int' への変換です。データが失われる可能性があります。
C:\Users\fko2347054\Desktop\sakuhintenjikai\2347054_Nakahara\Main.cpp(1198,76): warning C4244: '引数': 'float' から 'int' への変換です。データが失われる可能性があります。
C:\Users\fko2347054\Desktop\sakuhintenjikai\2347054_Nakahara\Main.cpp(1198,45): warning C4244: '引数': 'float' から 'int' への変換です。データが失われる可能性があります。
C:\Users\fko2347054\Desktop\sakuhintenjikai\2347054_Nakahara\Main.cpp(1198,29): warning C4244: '引数': 'float' から 'int' への変換です。データが失われる可能性があります。
C:\Users\fko2347054\Desktop\sakuhintenjikai\2347054_Nakahara\Main.cpp(1199,98): warning C4244: '引数': 'float' から 'int' への変換です。データが失われる可能性があります。
C:\Users\fko2347054\Desktop\sakuhintenjikai\2347054_Nakahara\Main.cpp(1199,76): warning C4244: '引数': 'float' から 'int' への変換です。データが失われる可能性があります。
C:\Users\fko2347054\Desktop\sakuhintenjikai\2347054_Nakahara\Main.cpp(1199,45): warning C4244: '引数': 'float' から 'int' への変換です。データが失われる可能性があります。
C:\Users\fko2347054\Desktop\sakuhintenjikai\2347054_Nakahara\Main.cpp(1199,29): warning C4244: '引数': 'float' から 'int' への変換です。データが失われる可能性があります。
C:\Users\fko2347054\Desktop\sakuhintenjikai\2347054_Nakahara\Main.cpp(1200,98): warning C4244: '引数': 'float' から 'int' への変換です。データが失われる可能性があります。
C:\Users\fko2347054\Desktop\sakuhintenjikai\2347054_Nakahara\Main.cpp(1200,76): warning C4244: '引数': 'float' から 'int' への変換です。データが失われる可能性があります。
C:\Users\fko2347054\Desktop\sakuhintenjikai\2347054_Nakahara\Main.cpp(1200,45): warning C4244: '引数': 'float' から 'int' への変換です。データが失われる可能性があります。
C:\Users\fko2347054\Desktop\sakuhintenjikai\2347054_Nakahara\Main.cpp(1200,29): warning C4244: '引数': 'float' から 'int' への変換です。データが失われる可能性があります。
  コード生成しています。
  Previous IPDB not found, fall back to full compilation.
C:\Users\fko2347054\Desktop\sakuhintenjikai\2347054_Nakahara\Main.cpp(1366): warning C4715: 'GameOverScene': 値を返さないコントロール パスがあります。
  All 13 functions were compiled because no usable IPDB/IOBJ from previous compilation was found.
  コード生成が終了しました。
  rangame.vcxproj -> C:\Users\fko2347054\Desktop\sakuhintenjikai\2347054_Nakahara\x64\Release\rangame.exe
