  Main.cpp
C:\Users\fko2347054\Desktop\sakuhintenjikai\2347054_Nakahara\Main.cpp(368,14): warning C4244: '-=': 'float' から 'int' への変換です。データが失われる可能性があります。
C:\Users\fko2347054\Desktop\sakuhintenjikai\2347054_Nakahara\Main.cpp(392,36): warning C4244: '引数': 'float' から 'int' への変換です。データが失われる可能性があります。
C:\Users\fko2347054\Desktop\sakuhintenjikai\2347054_Nakahara\Main.cpp(788,14): warning C4244: '-=': 'float' から 'int' への変換です。データが失われる可能性があります。
C:\Users\fko2347054\Desktop\sakuhintenjikai\2347054_Nakahara\Main.cpp(828,36): warning C4244: '引数': 'float' から 'int' への変換です。データが失われる可能性があります。
C:\Users\fko2347054\Desktop\sakuhintenjikai\2347054_Nakahara\Main.cpp(830,93): warning C4244: '引数': 'float' から 'int' への変換です。データが失われる可能性があります。
C:\Users\fko2347054\Desktop\sakuhintenjikai\2347054_Nakahara\Main.cpp(830,72): warning C4244: '引数': 'float' から 'int' への変換です。データが失われる可能性があります。
C:\Users\fko2347054\Desktop\sakuhintenjikai\2347054_Nakahara\Main.cpp(830,42): warning C4244: '引数': 'float' から 'int' への変換です。データが失われる可能性があります。
C:\Users\fko2347054\Desktop\sakuhintenjikai\2347054_Nakahara\Main.cpp(830,27): warning C4244: '引数': 'float' から 'int' への変換です。データが失われる可能性があります。
C:\Users\fko2347054\Desktop\sakuhintenjikai\2347054_Nakahara\Main.cpp(831,97): warning C4244: '引数': 'float' から 'int' への変換です。データが失われる可能性があります。
C:\Users\fko2347054\Desktop\sakuhintenjikai\2347054_Nakahara\Main.cpp(831,75): warning C4244: '引数': 'float' から 'int' への変換です。データが失われる可能性があります。
C:\Users\fko2347054\Desktop\sakuhintenjikai\2347054_Nakahara\Main.cpp(831,44): warning C4244: '引数': 'float' から 'int' への変換です。データが失われる可能性があります。
C:\Users\fko2347054\Desktop\sakuhintenjikai\2347054_Nakahara\Main.cpp(831,28): warning C4244: '引数': 'float' から 'int' への変換です。データが失われる可能性があります。
C:\Users\fko2347054\Desktop\sakuhintenjikai\2347054_Nakahara\Main.cpp(832,97): warning C4244: '引数': 'float' から 'int' への変換です。データが失われる可能性があります。
C:\Users\fko2347054\Desktop\sakuhintenjikai\2347054_Nakahara\Main.cpp(832,75): warning C4244: '引数': 'float' から 'int' への変換です。データが失われる可能性があります。
C:\Users\fko2347054\Desktop\sakuhintenjikai\2347054_Nakahara\Main.cpp(832,44): warning C4244: '引数': 'float' から 'int' への変換です。データが失われる可能性があります。
C:\Users\fko2347054\Desktop\sakuhintenjikai\2347054_Nakahara\Main.cpp(832,28): warning C4244: '引数': 'float' から 'int' への変換です。データが失われる可能性があります。
C:\Users\fko2347054\Desktop\sakuhintenjikai\2347054_Nakahara\Main.cpp(833,97): warning C4244: '引数': 'float' から 'int' への変換です。データが失われる可能性があります。
C:\Users\fko2347054\Desktop\sakuhintenjikai\2347054_Nakahara\Main.cpp(833,75): warning C4244: '引数': 'float' から 'int' への変換です。データが失われる可能性があります。
C:\Users\fko2347054\Desktop\sakuhintenjikai\2347054_Nakahara\Main.cpp(833,44): warning C4244: '引数': 'float' から 'int' への変換です。データが失われる可能性があります。
C:\Users\fko2347054\Desktop\sakuhintenjikai\2347054_Nakahara\Main.cpp(833,28): warning C4244: '引数': 'float' から 'int' への変換です。データが失われる可能性があります。
C:\Users\fko2347054\Desktop\sakuhintenjikai\2347054_Nakahara\Main.cpp(834,97): warning C4244: '引数': 'float' から 'int' への変換です。データが失われる可能性があります。
C:\Users\fko2347054\Desktop\sakuhintenjikai\2347054_Nakahara\Main.cpp(834,75): warning C4244: '引数': 'float' から 'int' への変換です。データが失われる可能性があります。
C:\Users\fko2347054\Desktop\sakuhintenjikai\2347054_Nakahara\Main.cpp(834,44): warning C4244: '引数': 'float' から 'int' への変換です。データが失われる可能性があります。
C:\Users\fko2347054\Desktop\sakuhintenjikai\2347054_Nakahara\Main.cpp(834,28): warning C4244: '引数': 'float' から 'int' への変換です。データが失われる可能性があります。
C:\Users\fko2347054\Desktop\sakuhintenjikai\2347054_Nakahara\Main.cpp(835,97): warning C4244: '引数': 'float' から 'int' への変換です。データが失われる可能性があります。
C:\Users\fko2347054\Desktop\sakuhintenjikai\2347054_Nakahara\Main.cpp(835,75): warning C4244: '引数': 'float' から 'int' への変換です。データが失われる可能性があります。
C:\Users\fko2347054\Desktop\sakuhintenjikai\2347054_Nakahara\Main.cpp(835,44): warning C4244: '引数': 'float' から 'int' への変換です。データが失われる可能性があります。
C:\Users\fko2347054\Desktop\sakuhintenjikai\2347054_Nakahara\Main.cpp(835,28): warning C4244: '引数': 'float' から 'int' への変換です。データが失われる可能性があります。
C:\Users\fko2347054\Desktop\sakuhintenjikai\2347054_Nakahara\Main.cpp(836,97): warning C4244: '引数': 'float' から 'int' への変換です。データが失われる可能性があります。
C:\Users\fko2347054\Desktop\sakuhintenjikai\2347054_Nakahara\Main.cpp(836,75): warning C4244: '引数': 'float' から 'int' への変換です。データが失われる可能性があります。
C:\Users\fko2347054\Desktop\sakuhintenjikai\2347054_Nakahara\Main.cpp(836,44): warning C4244: '引数': 'float' から 'int' への変換です。データが失われる可能性があります。
C:\Users\fko2347054\Desktop\sakuhintenjikai\2347054_Nakahara\Main.cpp(836,28): warning C4244: '引数': 'float' から 'int' への変換です。データが失われる可能性があります。
C:\Users\fko2347054\Desktop\sakuhintenjikai\2347054_Nakahara\Main.cpp(837,97): warning C4244: '引数': 'float' から 'int' への変換です。データが失われる可能性があります。
C:\Users\fko2347054\Desktop\sakuhintenjikai\2347054_Nakahara\Main.cpp(837,75): warning C4244: '引数': 'float' から 'int' への変換です。データが失われる可能性があります。
C:\Users\fko2347054\Desktop\sakuhintenjikai\2347054_Nakahara\Main.cpp(837,44): warning C4244: '引数': 'float' から 'int' への変換です。データが失われる可能性があります。
C:\Users\fko2347054\Desktop\sakuhintenjikai\2347054_Nakahara\Main.cpp(837,28): warning C4244: '引数': 'float' から 'int' への変換です。データが失われる可能性があります。
C:\Users\fko2347054\Desktop\sakuhintenjikai\2347054_Nakahara\Main.cpp(838,97): warning C4244: '引数': 'float' から 'int' への変換です。データが失われる可能性があります。
C:\Users\fko2347054\Desktop\sakuhintenjikai\2347054_Nakahara\Main.cpp(838,75): warning C4244: '引数': 'float' から 'int' への変換です。データが失われる可能性があります。
C:\Users\fko2347054\Desktop\sakuhintenjikai\2347054_Nakahara\Main.cpp(838,44): warning C4244: '引数': 'float' から 'int' への変換です。データが失われる可能性があります。
C:\Users\fko2347054\Desktop\sakuhintenjikai\2347054_Nakahara\Main.cpp(838,28): warning C4244: '引数': 'float' から 'int' への変換です。データが失われる可能性があります。
C:\Users\fko2347054\Desktop\sakuhintenjikai\2347054_Nakahara\Main.cpp(839,97): warning C4244: '引数': 'float' から 'int' への変換です。データが失われる可能性があります。
C:\Users\fko2347054\Desktop\sakuhintenjikai\2347054_Nakahara\Main.cpp(839,75): warning C4244: '引数': 'float' から 'int' への変換です。データが失われる可能性があります。
C:\Users\fko2347054\Desktop\sakuhintenjikai\2347054_Nakahara\Main.cpp(839,44): warning C4244: '引数': 'float' から 'int' への変換です。データが失われる可能性があります。
C:\Users\fko2347054\Desktop\sakuhintenjikai\2347054_Nakahara\Main.cpp(839,28): warning C4244: '引数': 'float' から 'int' への変換です。データが失われる可能性があります。
  コード生成しています。
  1 of 10 functions (10.0%) were compiled, the rest were copied from previous compilation.
    0 functions were new in current compilation
    0 functions had inline decision re-evaluated but remain unchanged
  コード生成が終了しました。
  rangame.vcxproj -> C:\Users\fko2347054\Desktop\sakuhintenjikai\2347054_Nakahara\x64\Release\rangame.exe
